2014-06-17 12:07:51,347 INFO  - Configuration customer loaded 
2014-06-17 12:07:51,348 INFO  - Configuration person loaded 
2014-06-17 12:07:51,907 INFO  - Connection established customer com.ibm.db2.jcc.DB2Driver jdbc jdbc:db2://nyprod.militarycars.com:446/NYPROD 
2014-06-17 12:07:51,967 INFO  - Connection established person com.ibm.db2.jcc.DB2Driver jdbc jdbc:db2://nyprod.militarycars.com:446/NYPROD 
2014-06-17 12:07:52,142 INFO  - Results processed for select  CMAST.CMCUST , CMAST.CMFRST , CMAST.CMMI , CMAST.CMLAST ,CMAST.CMNAM@ ,CMAST.CMNMSO, CMAST.CMADR1 ,CMAST.CMADR2 ,CMAST.CMADR3, CMAST.CMCITY, CMAST.CMST, CMAST.CMZIP, CMAST.CMSTEL, CMAST.CMMAD1, CMAST.CMMAD2, CMAST.CMMAD3, CMAST.CMAPO, CMAST.CMMTEL, CMAST.CMNXDS, CMAST.CMNXDT, CMAST.CMBRCH, CMAST.CMRANK, CMAST.CMDOB, CMAST.CMYISC,CMAST.CMMRTL, CMAST.CM#KID, CMAST.CMBPAY, CMAST.CMSEPD, CMAST.CMDERO, CMAST.CMCOMP, OEMAILP.OEMCUS ,OEMAILP.OEMADD FROM QS36F.CMAST CMAST LEFT OUTER JOIN QS36F.OEMAILP OEMAILP on CMAST.CMCUST = OEMAILP.OEMCUS WHERE CMAST.CMCUST = 999999999 
2014-06-17 12:07:52,256 INFO  - json stored for customer 
2014-06-17 12:07:52,298 INFO  - Results processed for select  CMAST.CMCUST , CMAST.CMFRST , CMAST.CMMI , CMAST.CMLAST ,CMAST.CMNAM@ ,CMAST.CMNMSO, CMAST.CMADR1 ,CMAST.CMADR2 ,CMAST.CMADR3, CMAST.CMCITY, CMAST.CMST, CMAST.CMZIP, CMAST.CMSTEL, CMAST.CMMAD1, CMAST.CMMAD2, CMAST.CMMAD3, CMAST.CMAPO, CMAST.CMMTEL, CMAST.CMNXDS, CMAST.CMNXDT, CMAST.CMBRCH, CMAST.CMRANK, CMAST.CMDOB, CMAST.CMYISC,CMAST.CMMRTL, CMAST.CM#KID, CMAST.CMBPAY, CMAST.CMSEPD, CMAST.CMDERO, CMAST.CMCOMP, OEMAILP.OEMCUS ,OEMAILP.OEMADD FROM QS36F.CMAST CMAST LEFT OUTER JOIN QS36F.OEMAILP OEMAILP on CMAST.CMCUST = OEMAILP.OEMCUS WHERE CMAST.CMCUST = 102445188 
2014-06-17 12:07:52,302 INFO  - json stored for person 
2014-06-17 12:11:02,754 INFO  - Configuration customer loaded 
2014-06-17 12:11:02,755 INFO  - Configuration person loaded 
2014-06-17 12:11:03,317 INFO  - Connection established customer com.ibm.db2.jcc.DB2Driver jdbc jdbc:db2://nyprod.militarycars.com:446/NYPROD 
2014-06-17 12:11:03,402 INFO  - Connection established person com.ibm.db2.jcc.DB2Driver jdbc jdbc:db2://nyprod.militarycars.com:446/NYPROD 
2014-06-17 12:11:03,586 INFO  - Results processed for select  CMAST.CMCUST , CMAST.CMFRST , CMAST.CMMI , CMAST.CMLAST ,CMAST.CMNAM@ ,CMAST.CMNMSO, CMAST.CMADR1 ,CMAST.CMADR2 ,CMAST.CMADR3, CMAST.CMCITY, CMAST.CMST, CMAST.CMZIP, CMAST.CMSTEL, CMAST.CMMAD1, CMAST.CMMAD2, CMAST.CMMAD3, CMAST.CMAPO, CMAST.CMMTEL, CMAST.CMNXDS, CMAST.CMNXDT, CMAST.CMBRCH, CMAST.CMRANK, CMAST.CMDOB, CMAST.CMYISC,CMAST.CMMRTL, CMAST.CM#KID, CMAST.CMBPAY, CMAST.CMSEPD, CMAST.CMDERO, CMAST.CMCOMP, OEMAILP.OEMCUS ,OEMAILP.OEMADD FROM QS36F.CMAST CMAST LEFT OUTER JOIN QS36F.OEMAILP OEMAILP on CMAST.CMCUST = OEMAILP.OEMCUS WHERE CMAST.CMCUST = 999999999 
2014-06-17 12:11:17,285 INFO  - Configuration customer loaded 
2014-06-17 12:11:17,286 INFO  - Configuration person loaded 
2014-06-17 12:11:17,799 INFO  - Connection established customer com.ibm.db2.jcc.DB2Driver jdbc jdbc:db2://nyprod.militarycars.com:446/NYPROD 
2014-06-17 12:11:17,860 INFO  - Connection established person com.ibm.db2.jcc.DB2Driver jdbc jdbc:db2://nyprod.militarycars.com:446/NYPROD 
2014-06-17 12:11:18,057 INFO  - Results processed for select  CMAST.CMCUST , CMAST.CMFRST , CMAST.CMMI , CMAST.CMLAST ,CMAST.CMNAM@ ,CMAST.CMNMSO, CMAST.CMADR1 ,CMAST.CMADR2 ,CMAST.CMADR3, CMAST.CMCITY, CMAST.CMST, CMAST.CMZIP, CMAST.CMSTEL, CMAST.CMMAD1, CMAST.CMMAD2, CMAST.CMMAD3, CMAST.CMAPO, CMAST.CMMTEL, CMAST.CMNXDS, CMAST.CMNXDT, CMAST.CMBRCH, CMAST.CMRANK, CMAST.CMDOB, CMAST.CMYISC,CMAST.CMMRTL, CMAST.CM#KID, CMAST.CMBPAY, CMAST.CMSEPD, CMAST.CMDERO, CMAST.CMCOMP, OEMAILP.OEMCUS ,OEMAILP.OEMADD FROM QS36F.CMAST CMAST LEFT OUTER JOIN QS36F.OEMAILP OEMAILP on CMAST.CMCUST = OEMAILP.OEMCUS WHERE CMAST.CMCUST = 999999999 
2014-06-17 12:11:18,154 INFO  - json stored for customerin json\customer.json 
2014-06-17 12:11:18,208 INFO  - Results processed for select  CMAST.CMCUST , CMAST.CMFRST , CMAST.CMMI , CMAST.CMLAST ,CMAST.CMNAM@ ,CMAST.CMNMSO, CMAST.CMADR1 ,CMAST.CMADR2 ,CMAST.CMADR3, CMAST.CMCITY, CMAST.CMST, CMAST.CMZIP, CMAST.CMSTEL, CMAST.CMMAD1, CMAST.CMMAD2, CMAST.CMMAD3, CMAST.CMAPO, CMAST.CMMTEL, CMAST.CMNXDS, CMAST.CMNXDT, CMAST.CMBRCH, CMAST.CMRANK, CMAST.CMDOB, CMAST.CMYISC,CMAST.CMMRTL, CMAST.CM#KID, CMAST.CMBPAY, CMAST.CMSEPD, CMAST.CMDERO, CMAST.CMCOMP, OEMAILP.OEMCUS ,OEMAILP.OEMADD FROM QS36F.CMAST CMAST LEFT OUTER JOIN QS36F.OEMAILP OEMAILP on CMAST.CMCUST = OEMAILP.OEMCUS WHERE CMAST.CMCUST = 102445188 
2014-06-17 12:11:18,215 INFO  - json stored for personin json\person.json 
2014-06-17 12:12:44,957 INFO  - Configuration customer loaded 
2014-06-17 12:12:44,958 INFO  - Configuration person loaded 
2014-06-17 12:12:45,566 INFO  - Connection established customer com.ibm.db2.jcc.DB2Driver jdbc jdbc:db2://nyprod.militarycars.com:446/NYPROD 
2014-06-17 12:12:45,636 INFO  - Connection established person com.ibm.db2.jcc.DB2Driver jdbc jdbc:db2://nyprod.militarycars.com:446/NYPROD 
2014-06-17 12:12:45,841 INFO  - Results processed for select  CMAST.CMCUST , CMAST.CMFRST , CMAST.CMMI , CMAST.CMLAST ,CMAST.CMNAM@ ,CMAST.CMNMSO, CMAST.CMADR1 ,CMAST.CMADR2 ,CMAST.CMADR3, CMAST.CMCITY, CMAST.CMST, CMAST.CMZIP, CMAST.CMSTEL, CMAST.CMMAD1, CMAST.CMMAD2, CMAST.CMMAD3, CMAST.CMAPO, CMAST.CMMTEL, CMAST.CMNXDS, CMAST.CMNXDT, CMAST.CMBRCH, CMAST.CMRANK, CMAST.CMDOB, CMAST.CMYISC,CMAST.CMMRTL, CMAST.CM#KID, CMAST.CMBPAY, CMAST.CMSEPD, CMAST.CMDERO, CMAST.CMCOMP, OEMAILP.OEMCUS ,OEMAILP.OEMADD FROM QS36F.CMAST CMAST LEFT OUTER JOIN QS36F.OEMAILP OEMAILP on CMAST.CMCUST = OEMAILP.OEMCUS WHERE CMAST.CMCUST = 999999999 
2014-06-17 12:12:45,935 INFO  - json stored for customer in json\customer.json 
2014-06-17 12:12:46,002 INFO  - Results processed for select  CMAST.CMCUST , CMAST.CMFRST , CMAST.CMMI , CMAST.CMLAST ,CMAST.CMNAM@ ,CMAST.CMNMSO, CMAST.CMADR1 ,CMAST.CMADR2 ,CMAST.CMADR3, CMAST.CMCITY, CMAST.CMST, CMAST.CMZIP, CMAST.CMSTEL, CMAST.CMMAD1, CMAST.CMMAD2, CMAST.CMMAD3, CMAST.CMAPO, CMAST.CMMTEL, CMAST.CMNXDS, CMAST.CMNXDT, CMAST.CMBRCH, CMAST.CMRANK, CMAST.CMDOB, CMAST.CMYISC,CMAST.CMMRTL, CMAST.CM#KID, CMAST.CMBPAY, CMAST.CMSEPD, CMAST.CMDERO, CMAST.CMCOMP, OEMAILP.OEMCUS ,OEMAILP.OEMADD FROM QS36F.CMAST CMAST LEFT OUTER JOIN QS36F.OEMAILP OEMAILP on CMAST.CMCUST = OEMAILP.OEMCUS WHERE CMAST.CMCUST = 102445188 
2014-06-17 12:12:46,010 INFO  - json stored for person in json\person.json 
2014-06-17 15:07:08,755 INFO  - Configuration customer loaded 
2014-06-17 15:07:08,755 INFO  - Configuration person loaded 
2014-06-17 15:07:08,756 INFO  - Configuration test loaded 
2014-06-17 15:07:09,269 INFO  - Connection established customer com.ibm.db2.jcc.DB2Driver jdbc jdbc:db2://nyprod.militarycars.com:446/NYPROD 
2014-06-17 15:07:09,354 INFO  - Connection established person com.ibm.db2.jcc.DB2Driver jdbc jdbc:db2://nyprod.militarycars.com:446/NYPROD 
2014-06-17 15:30:37,835 INFO  - Configuration customer loaded 
2014-06-17 15:30:37,836 INFO  - Configuration person loaded 
2014-06-17 15:30:37,836 INFO  - Configuration test loaded 
2014-06-17 15:30:38,344 INFO  - Connection established customer com.ibm.db2.jcc.DB2Driver jdbc jdbc:db2://nyprod.militarycars.com:446/NYPROD 
2014-06-17 15:30:38,432 INFO  - Connection established person com.ibm.db2.jcc.DB2Driver jdbc jdbc:db2://nyprod.militarycars.com:446/NYPROD 
2014-06-17 15:30:53,044 INFO  - Configuration customer loaded 
2014-06-17 15:30:53,045 INFO  - Configuration person loaded 
2014-06-17 15:30:53,045 INFO  - Configuration test loaded 
2014-06-17 15:31:53,524 INFO  - Connection established customer com.ibm.db2.jcc.DB2Driver jdbc jdbc:db2://nyprod.militarycars.com:446/NYPROD 
2014-06-17 15:31:54,263 INFO  - Connection established person com.ibm.db2.jcc.DB2Driver jdbc jdbc:db2://nyprod.militarycars.com:446/NYPROD 
2014-06-17 15:33:18,679 INFO  - Configuration customer loaded 
2014-06-17 15:33:18,680 INFO  - Configuration person loaded 
2014-06-17 15:33:18,680 INFO  - Configuration test loaded 
2014-06-17 15:33:19,125 INFO  - Connection established customer com.ibm.db2.jcc.DB2Driver jdbc jdbc:db2://nyprod.militarycars.com:446/NYPROD 
2014-06-17 15:33:19,167 INFO  - Connection established person com.ibm.db2.jcc.DB2Driver jdbc jdbc:db2://nyprod.militarycars.com:446/NYPROD 
2014-06-17 15:33:19,167 INFO  - Connection established test null csv null 
2014-06-17 15:33:19,386 INFO  - Results processed for select  CMAST.CMCUST , CMAST.CMFRST , CMAST.CMMI , CMAST.CMLAST ,CMAST.CMNAM@ ,CMAST.CMNMSO, CMAST.CMADR1 ,CMAST.CMADR2 ,CMAST.CMADR3, CMAST.CMCITY, CMAST.CMST, CMAST.CMZIP, CMAST.CMSTEL, CMAST.CMMAD1, CMAST.CMMAD2, CMAST.CMMAD3, CMAST.CMAPO, CMAST.CMMTEL, CMAST.CMNXDS, CMAST.CMNXDT, CMAST.CMBRCH, CMAST.CMRANK, CMAST.CMDOB, CMAST.CMYISC,CMAST.CMMRTL, CMAST.CM#KID, CMAST.CMBPAY, CMAST.CMSEPD, CMAST.CMDERO, CMAST.CMCOMP, OEMAILP.OEMCUS ,OEMAILP.OEMADD FROM QS36F.CMAST CMAST LEFT OUTER JOIN QS36F.OEMAILP OEMAILP on CMAST.CMCUST = OEMAILP.OEMCUS WHERE CMAST.CMCUST = 999999999 
2014-06-17 15:33:19,487 INFO  - json stored for customer in json\customer.json 
2014-06-17 15:33:19,524 INFO  - Results processed for select  CMAST.CMCUST , CMAST.CMFRST , CMAST.CMMI , CMAST.CMLAST ,CMAST.CMNAM@ ,CMAST.CMNMSO, CMAST.CMADR1 ,CMAST.CMADR2 ,CMAST.CMADR3, CMAST.CMCITY, CMAST.CMST, CMAST.CMZIP, CMAST.CMSTEL, CMAST.CMMAD1, CMAST.CMMAD2, CMAST.CMMAD3, CMAST.CMAPO, CMAST.CMMTEL, CMAST.CMNXDS, CMAST.CMNXDT, CMAST.CMBRCH, CMAST.CMRANK, CMAST.CMDOB, CMAST.CMYISC,CMAST.CMMRTL, CMAST.CM#KID, CMAST.CMBPAY, CMAST.CMSEPD, CMAST.CMDERO, CMAST.CMCOMP, OEMAILP.OEMCUS ,OEMAILP.OEMADD FROM QS36F.CMAST CMAST LEFT OUTER JOIN QS36F.OEMAILP OEMAILP on CMAST.CMCUST = OEMAILP.OEMCUS WHERE CMAST.CMCUST = 102445188 
2014-06-17 15:33:19,527 INFO  - json stored for person in json\person.json 
2014-06-17 15:35:04,732 INFO  - Configuration customer loaded 
2014-06-17 15:35:04,733 INFO  - Configuration person loaded 
2014-06-17 15:35:04,733 INFO  - Configuration test loaded 
2014-06-17 15:35:05,169 INFO  - Connection established customer com.ibm.db2.jcc.DB2Driver jdbc jdbc:db2://nyprod.militarycars.com:446/NYPROD 
2014-06-17 15:35:05,214 INFO  - Connection established person com.ibm.db2.jcc.DB2Driver jdbc jdbc:db2://nyprod.militarycars.com:446/NYPROD 
2014-06-17 15:35:05,214 INFO  - Connection established test null csv null 
2014-06-17 15:35:05,379 INFO  - Results processed for select  CMAST.CMCUST , CMAST.CMFRST , CMAST.CMMI , CMAST.CMLAST ,CMAST.CMNAM@ ,CMAST.CMNMSO, CMAST.CMADR1 ,CMAST.CMADR2 ,CMAST.CMADR3, CMAST.CMCITY, CMAST.CMST, CMAST.CMZIP, CMAST.CMSTEL, CMAST.CMMAD1, CMAST.CMMAD2, CMAST.CMMAD3, CMAST.CMAPO, CMAST.CMMTEL, CMAST.CMNXDS, CMAST.CMNXDT, CMAST.CMBRCH, CMAST.CMRANK, CMAST.CMDOB, CMAST.CMYISC,CMAST.CMMRTL, CMAST.CM#KID, CMAST.CMBPAY, CMAST.CMSEPD, CMAST.CMDERO, CMAST.CMCOMP, OEMAILP.OEMCUS ,OEMAILP.OEMADD FROM QS36F.CMAST CMAST LEFT OUTER JOIN QS36F.OEMAILP OEMAILP on CMAST.CMCUST = OEMAILP.OEMCUS WHERE CMAST.CMCUST = 999999999 
2014-06-17 15:35:05,462 INFO  - json stored for customer in json\customer.json 
2014-06-17 15:35:05,509 INFO  - Results processed for select  CMAST.CMCUST , CMAST.CMFRST , CMAST.CMMI , CMAST.CMLAST ,CMAST.CMNAM@ ,CMAST.CMNMSO, CMAST.CMADR1 ,CMAST.CMADR2 ,CMAST.CMADR3, CMAST.CMCITY, CMAST.CMST, CMAST.CMZIP, CMAST.CMSTEL, CMAST.CMMAD1, CMAST.CMMAD2, CMAST.CMMAD3, CMAST.CMAPO, CMAST.CMMTEL, CMAST.CMNXDS, CMAST.CMNXDT, CMAST.CMBRCH, CMAST.CMRANK, CMAST.CMDOB, CMAST.CMYISC,CMAST.CMMRTL, CMAST.CM#KID, CMAST.CMBPAY, CMAST.CMSEPD, CMAST.CMDERO, CMAST.CMCOMP, OEMAILP.OEMCUS ,OEMAILP.OEMADD FROM QS36F.CMAST CMAST LEFT OUTER JOIN QS36F.OEMAILP OEMAILP on CMAST.CMCUST = OEMAILP.OEMCUS WHERE CMAST.CMCUST = 102445188 
2014-06-17 15:35:05,514 INFO  - json stored for person in json\person.json 
2014-06-17 15:46:07,050 INFO  - Configuration customer loaded 
2014-06-17 15:46:07,052 INFO  - Configuration person loaded 
2014-06-17 15:46:07,052 INFO  - Configuration test loaded 
2014-06-17 15:46:07,735 INFO  - Connection established customer com.ibm.db2.jcc.DB2Driver jdbc jdbc:db2://nyprod.militarycars.com:446/NYPROD 
2014-06-17 15:46:07,802 INFO  - Connection established person com.ibm.db2.jcc.DB2Driver jdbc jdbc:db2://nyprod.militarycars.com:446/NYPROD 
2014-06-17 15:46:07,803 INFO  - Connection established test null csv null 
2014-06-17 15:46:07,999 INFO  - Results processed for select  CMAST.CMCUST , CMAST.CMFRST , CMAST.CMMI , CMAST.CMLAST ,CMAST.CMNAM@ ,CMAST.CMNMSO, CMAST.CMADR1 ,CMAST.CMADR2 ,CMAST.CMADR3, CMAST.CMCITY, CMAST.CMST, CMAST.CMZIP, CMAST.CMSTEL, CMAST.CMMAD1, CMAST.CMMAD2, CMAST.CMMAD3, CMAST.CMAPO, CMAST.CMMTEL, CMAST.CMNXDS, CMAST.CMNXDT, CMAST.CMBRCH, CMAST.CMRANK, CMAST.CMDOB, CMAST.CMYISC,CMAST.CMMRTL, CMAST.CM#KID, CMAST.CMBPAY, CMAST.CMSEPD, CMAST.CMDERO, CMAST.CMCOMP, OEMAILP.OEMCUS ,OEMAILP.OEMADD FROM QS36F.CMAST CMAST LEFT OUTER JOIN QS36F.OEMAILP OEMAILP on CMAST.CMCUST = OEMAILP.OEMCUS WHERE CMAST.CMCUST = 999999999 
2014-06-17 15:46:08,079 INFO  - json stored for customer in json\customer.json 
2014-06-17 15:46:08,126 INFO  - Results processed for select  CMAST.CMCUST , CMAST.CMFRST , CMAST.CMMI , CMAST.CMLAST ,CMAST.CMNAM@ ,CMAST.CMNMSO, CMAST.CMADR1 ,CMAST.CMADR2 ,CMAST.CMADR3, CMAST.CMCITY, CMAST.CMST, CMAST.CMZIP, CMAST.CMSTEL, CMAST.CMMAD1, CMAST.CMMAD2, CMAST.CMMAD3, CMAST.CMAPO, CMAST.CMMTEL, CMAST.CMNXDS, CMAST.CMNXDT, CMAST.CMBRCH, CMAST.CMRANK, CMAST.CMDOB, CMAST.CMYISC,CMAST.CMMRTL, CMAST.CM#KID, CMAST.CMBPAY, CMAST.CMSEPD, CMAST.CMDERO, CMAST.CMCOMP, OEMAILP.OEMCUS ,OEMAILP.OEMADD FROM QS36F.CMAST CMAST LEFT OUTER JOIN QS36F.OEMAILP OEMAILP on CMAST.CMCUST = OEMAILP.OEMCUS WHERE CMAST.CMCUST = 102445188 
2014-06-17 15:46:08,138 INFO  - json stored for person in json\person.json 
2014-06-17 15:46:08,146 INFO  - json stored for test in json\test.json 
2014-06-17 15:48:02,282 INFO  - Configuration customer loaded 
2014-06-17 15:48:02,284 INFO  - Configuration person loaded 
2014-06-17 15:48:02,284 INFO  - Configuration test loaded 
2014-06-17 15:48:02,765 INFO  - Connection established customer com.ibm.db2.jcc.DB2Driver jdbc jdbc:db2://nyprod.militarycars.com:446/NYPROD 
2014-06-17 15:48:03,012 INFO  - Connection established person com.ibm.db2.jcc.DB2Driver jdbc jdbc:db2://nyprod.militarycars.com:446/NYPROD 
2014-06-17 15:48:03,013 INFO  - Connection established test null csv null 
2014-06-17 15:48:03,230 INFO  - Results processed for select  CMAST.CMCUST , CMAST.CMFRST , CMAST.CMMI , CMAST.CMLAST ,CMAST.CMNAM@ ,CMAST.CMNMSO, CMAST.CMADR1 ,CMAST.CMADR2 ,CMAST.CMADR3, CMAST.CMCITY, CMAST.CMST, CMAST.CMZIP, CMAST.CMSTEL, CMAST.CMMAD1, CMAST.CMMAD2, CMAST.CMMAD3, CMAST.CMAPO, CMAST.CMMTEL, CMAST.CMNXDS, CMAST.CMNXDT, CMAST.CMBRCH, CMAST.CMRANK, CMAST.CMDOB, CMAST.CMYISC,CMAST.CMMRTL, CMAST.CM#KID, CMAST.CMBPAY, CMAST.CMSEPD, CMAST.CMDERO, CMAST.CMCOMP, OEMAILP.OEMCUS ,OEMAILP.OEMADD FROM QS36F.CMAST CMAST LEFT OUTER JOIN QS36F.OEMAILP OEMAILP on CMAST.CMCUST = OEMAILP.OEMCUS WHERE CMAST.CMCUST = 999999999 
2014-06-17 15:48:03,323 INFO  - json stored for customer in json\customer.json 
2014-06-17 15:48:03,385 INFO  - Results processed for select  CMAST.CMCUST , CMAST.CMFRST , CMAST.CMMI , CMAST.CMLAST ,CMAST.CMNAM@ ,CMAST.CMNMSO, CMAST.CMADR1 ,CMAST.CMADR2 ,CMAST.CMADR3, CMAST.CMCITY, CMAST.CMST, CMAST.CMZIP, CMAST.CMSTEL, CMAST.CMMAD1, CMAST.CMMAD2, CMAST.CMMAD3, CMAST.CMAPO, CMAST.CMMTEL, CMAST.CMNXDS, CMAST.CMNXDT, CMAST.CMBRCH, CMAST.CMRANK, CMAST.CMDOB, CMAST.CMYISC,CMAST.CMMRTL, CMAST.CM#KID, CMAST.CMBPAY, CMAST.CMSEPD, CMAST.CMDERO, CMAST.CMCOMP, OEMAILP.OEMCUS ,OEMAILP.OEMADD FROM QS36F.CMAST CMAST LEFT OUTER JOIN QS36F.OEMAILP OEMAILP on CMAST.CMCUST = OEMAILP.OEMCUS WHERE CMAST.CMCUST = 102445188 
2014-06-17 15:48:03,389 INFO  - json stored for person in json\person.json 
2014-06-17 15:48:03,395 INFO  - json stored for test in json\test.json 
2014-06-17 15:48:25,322 INFO  - Configuration customer loaded 
2014-06-17 15:48:25,324 INFO  - Configuration person loaded 
2014-06-17 15:48:25,324 INFO  - Configuration test loaded 
2014-06-17 15:48:25,849 INFO  - Connection established customer com.ibm.db2.jcc.DB2Driver jdbc jdbc:db2://nyprod.militarycars.com:446/NYPROD 
2014-06-17 15:48:26,116 INFO  - Connection established person com.ibm.db2.jcc.DB2Driver jdbc jdbc:db2://nyprod.militarycars.com:446/NYPROD 
2014-06-17 15:48:26,117 INFO  - Connection established test null csv null 
2014-06-17 15:48:26,390 INFO  - Results processed for select  CMAST.CMCUST , CMAST.CMFRST , CMAST.CMMI , CMAST.CMLAST ,CMAST.CMNAM@ ,CMAST.CMNMSO, CMAST.CMADR1 ,CMAST.CMADR2 ,CMAST.CMADR3, CMAST.CMCITY, CMAST.CMST, CMAST.CMZIP, CMAST.CMSTEL, CMAST.CMMAD1, CMAST.CMMAD2, CMAST.CMMAD3, CMAST.CMAPO, CMAST.CMMTEL, CMAST.CMNXDS, CMAST.CMNXDT, CMAST.CMBRCH, CMAST.CMRANK, CMAST.CMDOB, CMAST.CMYISC,CMAST.CMMRTL, CMAST.CM#KID, CMAST.CMBPAY, CMAST.CMSEPD, CMAST.CMDERO, CMAST.CMCOMP, OEMAILP.OEMCUS ,OEMAILP.OEMADD FROM QS36F.CMAST CMAST LEFT OUTER JOIN QS36F.OEMAILP OEMAILP on CMAST.CMCUST = OEMAILP.OEMCUS WHERE CMAST.CMCUST = 999999999 
2014-06-17 15:48:26,495 INFO  - json stored for customer in json\customer.json 
2014-06-17 15:48:26,565 INFO  - Results processed for select  CMAST.CMCUST , CMAST.CMFRST , CMAST.CMMI , CMAST.CMLAST ,CMAST.CMNAM@ ,CMAST.CMNMSO, CMAST.CMADR1 ,CMAST.CMADR2 ,CMAST.CMADR3, CMAST.CMCITY, CMAST.CMST, CMAST.CMZIP, CMAST.CMSTEL, CMAST.CMMAD1, CMAST.CMMAD2, CMAST.CMMAD3, CMAST.CMAPO, CMAST.CMMTEL, CMAST.CMNXDS, CMAST.CMNXDT, CMAST.CMBRCH, CMAST.CMRANK, CMAST.CMDOB, CMAST.CMYISC,CMAST.CMMRTL, CMAST.CM#KID, CMAST.CMBPAY, CMAST.CMSEPD, CMAST.CMDERO, CMAST.CMCOMP, OEMAILP.OEMCUS ,OEMAILP.OEMADD FROM QS36F.CMAST CMAST LEFT OUTER JOIN QS36F.OEMAILP OEMAILP on CMAST.CMCUST = OEMAILP.OEMCUS WHERE CMAST.CMCUST = 102445188 
2014-06-17 15:48:26,577 INFO  - json stored for person in json\person.json 
2014-06-17 15:48:26,588 INFO  - json stored for test in json\test.json 
2014-06-17 15:49:10,443 INFO  - Configuration customer loaded 
2014-06-17 15:49:10,444 INFO  - Configuration person loaded 
2014-06-17 15:49:10,444 INFO  - Configuration test loaded 
2014-06-17 15:49:16,966 INFO  - Configuration customer loaded 
2014-06-17 15:49:16,967 INFO  - Configuration person loaded 
2014-06-17 15:49:16,968 INFO  - Configuration test loaded 
2014-06-17 15:49:17,403 INFO  - Connection established customer com.ibm.db2.jcc.DB2Driver jdbc jdbc:db2://nyprod.militarycars.com:446/NYPROD 
2014-06-17 15:49:17,470 INFO  - Connection established person com.ibm.db2.jcc.DB2Driver jdbc jdbc:db2://nyprod.militarycars.com:446/NYPROD 
2014-06-17 15:49:17,470 INFO  - Connection established test null csv null 
2014-06-17 15:49:17,660 INFO  - Results processed for select  CMAST.CMCUST , CMAST.CMFRST , CMAST.CMMI , CMAST.CMLAST ,CMAST.CMNAM@ ,CMAST.CMNMSO, CMAST.CMADR1 ,CMAST.CMADR2 ,CMAST.CMADR3, CMAST.CMCITY, CMAST.CMST, CMAST.CMZIP, CMAST.CMSTEL, CMAST.CMMAD1, CMAST.CMMAD2, CMAST.CMMAD3, CMAST.CMAPO, CMAST.CMMTEL, CMAST.CMNXDS, CMAST.CMNXDT, CMAST.CMBRCH, CMAST.CMRANK, CMAST.CMDOB, CMAST.CMYISC,CMAST.CMMRTL, CMAST.CM#KID, CMAST.CMBPAY, CMAST.CMSEPD, CMAST.CMDERO, CMAST.CMCOMP, OEMAILP.OEMCUS ,OEMAILP.OEMADD FROM QS36F.CMAST CMAST LEFT OUTER JOIN QS36F.OEMAILP OEMAILP on CMAST.CMCUST = OEMAILP.OEMCUS WHERE CMAST.CMCUST = 999999999 
2014-06-17 15:49:17,743 INFO  - json stored for customer in json\customer.json 
2014-06-17 15:49:17,806 INFO  - Results processed for select  CMAST.CMCUST , CMAST.CMFRST , CMAST.CMMI , CMAST.CMLAST ,CMAST.CMNAM@ ,CMAST.CMNMSO, CMAST.CMADR1 ,CMAST.CMADR2 ,CMAST.CMADR3, CMAST.CMCITY, CMAST.CMST, CMAST.CMZIP, CMAST.CMSTEL, CMAST.CMMAD1, CMAST.CMMAD2, CMAST.CMMAD3, CMAST.CMAPO, CMAST.CMMTEL, CMAST.CMNXDS, CMAST.CMNXDT, CMAST.CMBRCH, CMAST.CMRANK, CMAST.CMDOB, CMAST.CMYISC,CMAST.CMMRTL, CMAST.CM#KID, CMAST.CMBPAY, CMAST.CMSEPD, CMAST.CMDERO, CMAST.CMCOMP, OEMAILP.OEMCUS ,OEMAILP.OEMADD FROM QS36F.CMAST CMAST LEFT OUTER JOIN QS36F.OEMAILP OEMAILP on CMAST.CMCUST = OEMAILP.OEMCUS WHERE CMAST.CMCUST = 102445188 
2014-06-17 15:49:17,818 INFO  - json stored for person in json\person.json 
2014-06-17 15:49:17,829 INFO  - json stored for test in json\test.json 
2014-06-17 15:49:35,111 INFO  - Configuration customer loaded 
2014-06-17 15:49:35,112 INFO  - Configuration person loaded 
2014-06-17 15:49:35,112 INFO  - Configuration test loaded 
2014-06-17 15:49:35,563 INFO  - Connection established customer com.ibm.db2.jcc.DB2Driver jdbc jdbc:db2://nyprod.militarycars.com:446/NYPROD 
2014-06-17 15:49:35,626 INFO  - Connection established person com.ibm.db2.jcc.DB2Driver jdbc jdbc:db2://nyprod.militarycars.com:446/NYPROD 
2014-06-17 15:49:35,626 INFO  - Connection established test null csv null 
2014-06-17 15:49:35,825 INFO  - Results processed for select  CMAST.CMCUST , CMAST.CMFRST , CMAST.CMMI , CMAST.CMLAST ,CMAST.CMNAM@ ,CMAST.CMNMSO, CMAST.CMADR1 ,CMAST.CMADR2 ,CMAST.CMADR3, CMAST.CMCITY, CMAST.CMST, CMAST.CMZIP, CMAST.CMSTEL, CMAST.CMMAD1, CMAST.CMMAD2, CMAST.CMMAD3, CMAST.CMAPO, CMAST.CMMTEL, CMAST.CMNXDS, CMAST.CMNXDT, CMAST.CMBRCH, CMAST.CMRANK, CMAST.CMDOB, CMAST.CMYISC,CMAST.CMMRTL, CMAST.CM#KID, CMAST.CMBPAY, CMAST.CMSEPD, CMAST.CMDERO, CMAST.CMCOMP, OEMAILP.OEMCUS ,OEMAILP.OEMADD FROM QS36F.CMAST CMAST LEFT OUTER JOIN QS36F.OEMAILP OEMAILP on CMAST.CMCUST = OEMAILP.OEMCUS WHERE CMAST.CMCUST = 999999999 
2014-06-17 15:49:35,917 INFO  - json stored for customer in json\customer.json 
2014-06-17 15:49:35,980 INFO  - Results processed for select  CMAST.CMCUST , CMAST.CMFRST , CMAST.CMMI , CMAST.CMLAST ,CMAST.CMNAM@ ,CMAST.CMNMSO, CMAST.CMADR1 ,CMAST.CMADR2 ,CMAST.CMADR3, CMAST.CMCITY, CMAST.CMST, CMAST.CMZIP, CMAST.CMSTEL, CMAST.CMMAD1, CMAST.CMMAD2, CMAST.CMMAD3, CMAST.CMAPO, CMAST.CMMTEL, CMAST.CMNXDS, CMAST.CMNXDT, CMAST.CMBRCH, CMAST.CMRANK, CMAST.CMDOB, CMAST.CMYISC,CMAST.CMMRTL, CMAST.CM#KID, CMAST.CMBPAY, CMAST.CMSEPD, CMAST.CMDERO, CMAST.CMCOMP, OEMAILP.OEMCUS ,OEMAILP.OEMADD FROM QS36F.CMAST CMAST LEFT OUTER JOIN QS36F.OEMAILP OEMAILP on CMAST.CMCUST = OEMAILP.OEMCUS WHERE CMAST.CMCUST = 102445188 
2014-06-17 15:49:35,992 INFO  - json stored for person in json\person.json 
2014-06-17 15:50:44,070 INFO  - Configuration customer loaded 
2014-06-17 15:50:44,071 INFO  - Configuration person loaded 
2014-06-17 15:50:44,071 INFO  - Configuration test loaded 
2014-06-17 15:50:44,517 INFO  - Connection established customer com.ibm.db2.jcc.DB2Driver jdbc jdbc:db2://nyprod.militarycars.com:446/NYPROD 
2014-06-17 15:50:44,581 INFO  - Connection established person com.ibm.db2.jcc.DB2Driver jdbc jdbc:db2://nyprod.militarycars.com:446/NYPROD 
2014-06-17 15:50:44,581 INFO  - Connection established test null csv null 
2014-06-17 15:50:44,746 INFO  - Results processed for select  CMAST.CMCUST , CMAST.CMFRST , CMAST.CMMI , CMAST.CMLAST ,CMAST.CMNAM@ ,CMAST.CMNMSO, CMAST.CMADR1 ,CMAST.CMADR2 ,CMAST.CMADR3, CMAST.CMCITY, CMAST.CMST, CMAST.CMZIP, CMAST.CMSTEL, CMAST.CMMAD1, CMAST.CMMAD2, CMAST.CMMAD3, CMAST.CMAPO, CMAST.CMMTEL, CMAST.CMNXDS, CMAST.CMNXDT, CMAST.CMBRCH, CMAST.CMRANK, CMAST.CMDOB, CMAST.CMYISC,CMAST.CMMRTL, CMAST.CM#KID, CMAST.CMBPAY, CMAST.CMSEPD, CMAST.CMDERO, CMAST.CMCOMP, OEMAILP.OEMCUS ,OEMAILP.OEMADD FROM QS36F.CMAST CMAST LEFT OUTER JOIN QS36F.OEMAILP OEMAILP on CMAST.CMCUST = OEMAILP.OEMCUS WHERE CMAST.CMCUST = 999999999 
2014-06-17 15:50:44,845 INFO  - json stored for customer in json\customer.json 
2014-06-17 15:50:44,915 INFO  - Results processed for select  CMAST.CMCUST , CMAST.CMFRST , CMAST.CMMI , CMAST.CMLAST ,CMAST.CMNAM@ ,CMAST.CMNMSO, CMAST.CMADR1 ,CMAST.CMADR2 ,CMAST.CMADR3, CMAST.CMCITY, CMAST.CMST, CMAST.CMZIP, CMAST.CMSTEL, CMAST.CMMAD1, CMAST.CMMAD2, CMAST.CMMAD3, CMAST.CMAPO, CMAST.CMMTEL, CMAST.CMNXDS, CMAST.CMNXDT, CMAST.CMBRCH, CMAST.CMRANK, CMAST.CMDOB, CMAST.CMYISC,CMAST.CMMRTL, CMAST.CM#KID, CMAST.CMBPAY, CMAST.CMSEPD, CMAST.CMDERO, CMAST.CMCOMP, OEMAILP.OEMCUS ,OEMAILP.OEMADD FROM QS36F.CMAST CMAST LEFT OUTER JOIN QS36F.OEMAILP OEMAILP on CMAST.CMCUST = OEMAILP.OEMCUS WHERE CMAST.CMCUST = 102445188 
2014-06-17 15:50:44,920 INFO  - json stored for person in json\person.json 
2014-06-17 15:50:45,027 INFO  - json stored for test in json\test.json 
2014-06-17 15:52:12,437 INFO  - Configuration customer loaded 
2014-06-17 15:52:12,439 INFO  - Configuration person loaded 
2014-06-17 15:52:12,440 INFO  - Configuration test loaded 
2014-06-17 15:52:12,922 INFO  - Connection established customer com.ibm.db2.jcc.DB2Driver jdbc jdbc:db2://nyprod.militarycars.com:446/NYPROD 
2014-06-17 15:52:12,987 INFO  - Connection established person com.ibm.db2.jcc.DB2Driver jdbc jdbc:db2://nyprod.militarycars.com:446/NYPROD 
2014-06-17 15:52:12,987 INFO  - Connection established test null csv null 
2014-06-17 15:52:13,158 INFO  - Results processed for select  CMAST.CMCUST , CMAST.CMFRST , CMAST.CMMI , CMAST.CMLAST ,CMAST.CMNAM@ ,CMAST.CMNMSO, CMAST.CMADR1 ,CMAST.CMADR2 ,CMAST.CMADR3, CMAST.CMCITY, CMAST.CMST, CMAST.CMZIP, CMAST.CMSTEL, CMAST.CMMAD1, CMAST.CMMAD2, CMAST.CMMAD3, CMAST.CMAPO, CMAST.CMMTEL, CMAST.CMNXDS, CMAST.CMNXDT, CMAST.CMBRCH, CMAST.CMRANK, CMAST.CMDOB, CMAST.CMYISC,CMAST.CMMRTL, CMAST.CM#KID, CMAST.CMBPAY, CMAST.CMSEPD, CMAST.CMDERO, CMAST.CMCOMP, OEMAILP.OEMCUS ,OEMAILP.OEMADD FROM QS36F.CMAST CMAST LEFT OUTER JOIN QS36F.OEMAILP OEMAILP on CMAST.CMCUST = OEMAILP.OEMCUS WHERE CMAST.CMCUST = 999999999 
2014-06-17 15:52:13,238 INFO  - json stored for customer in json\customer.json 
2014-06-17 15:52:13,302 INFO  - Results processed for select  CMAST.CMCUST , CMAST.CMFRST , CMAST.CMMI , CMAST.CMLAST ,CMAST.CMNAM@ ,CMAST.CMNMSO, CMAST.CMADR1 ,CMAST.CMADR2 ,CMAST.CMADR3, CMAST.CMCITY, CMAST.CMST, CMAST.CMZIP, CMAST.CMSTEL, CMAST.CMMAD1, CMAST.CMMAD2, CMAST.CMMAD3, CMAST.CMAPO, CMAST.CMMTEL, CMAST.CMNXDS, CMAST.CMNXDT, CMAST.CMBRCH, CMAST.CMRANK, CMAST.CMDOB, CMAST.CMYISC,CMAST.CMMRTL, CMAST.CM#KID, CMAST.CMBPAY, CMAST.CMSEPD, CMAST.CMDERO, CMAST.CMCOMP, OEMAILP.OEMCUS ,OEMAILP.OEMADD FROM QS36F.CMAST CMAST LEFT OUTER JOIN QS36F.OEMAILP OEMAILP on CMAST.CMCUST = OEMAILP.OEMCUS WHERE CMAST.CMCUST = 102445188 
2014-06-17 15:52:13,313 INFO  - json stored for person in json\person.json 
2014-06-17 15:52:13,354 INFO  - json stored for test in json\test.json 
2014-06-17 15:53:22,629 INFO  - Configuration customer loaded 
2014-06-17 15:53:22,630 INFO  - Configuration person loaded 
2014-06-17 15:53:22,630 INFO  - Configuration test loaded 
2014-06-17 15:53:23,114 INFO  - Connection established customer com.ibm.db2.jcc.DB2Driver jdbc jdbc:db2://nyprod.militarycars.com:446/NYPROD 
2014-06-17 15:53:23,191 INFO  - Connection established person com.ibm.db2.jcc.DB2Driver jdbc jdbc:db2://nyprod.militarycars.com:446/NYPROD 
2014-06-17 15:53:23,192 INFO  - Connection established test null csv null 
2014-06-17 15:53:23,451 INFO  - Results processed for select  CMAST.CMCUST , CMAST.CMFRST , CMAST.CMMI , CMAST.CMLAST ,CMAST.CMNAM@ ,CMAST.CMNMSO, CMAST.CMADR1 ,CMAST.CMADR2 ,CMAST.CMADR3, CMAST.CMCITY, CMAST.CMST, CMAST.CMZIP, CMAST.CMSTEL, CMAST.CMMAD1, CMAST.CMMAD2, CMAST.CMMAD3, CMAST.CMAPO, CMAST.CMMTEL, CMAST.CMNXDS, CMAST.CMNXDT, CMAST.CMBRCH, CMAST.CMRANK, CMAST.CMDOB, CMAST.CMYISC,CMAST.CMMRTL, CMAST.CM#KID, CMAST.CMBPAY, CMAST.CMSEPD, CMAST.CMDERO, CMAST.CMCOMP, OEMAILP.OEMCUS ,OEMAILP.OEMADD FROM QS36F.CMAST CMAST LEFT OUTER JOIN QS36F.OEMAILP OEMAILP on CMAST.CMCUST = OEMAILP.OEMCUS WHERE CMAST.CMCUST = 999999999 
2014-06-17 15:53:23,533 INFO  - json stored for customer in json\customer.json 
2014-06-17 15:53:23,623 INFO  - Results processed for select  CMAST.CMCUST , CMAST.CMFRST , CMAST.CMMI , CMAST.CMLAST ,CMAST.CMNAM@ ,CMAST.CMNMSO, CMAST.CMADR1 ,CMAST.CMADR2 ,CMAST.CMADR3, CMAST.CMCITY, CMAST.CMST, CMAST.CMZIP, CMAST.CMSTEL, CMAST.CMMAD1, CMAST.CMMAD2, CMAST.CMMAD3, CMAST.CMAPO, CMAST.CMMTEL, CMAST.CMNXDS, CMAST.CMNXDT, CMAST.CMBRCH, CMAST.CMRANK, CMAST.CMDOB, CMAST.CMYISC,CMAST.CMMRTL, CMAST.CM#KID, CMAST.CMBPAY, CMAST.CMSEPD, CMAST.CMDERO, CMAST.CMCOMP, OEMAILP.OEMCUS ,OEMAILP.OEMADD FROM QS36F.CMAST CMAST LEFT OUTER JOIN QS36F.OEMAILP OEMAILP on CMAST.CMCUST = OEMAILP.OEMCUS WHERE CMAST.CMCUST = 102445188 
2014-06-17 15:53:23,634 INFO  - json stored for person in json\person.json 
2014-06-17 15:53:23,763 INFO  - json stored for test in json\test.json 
2014-06-17 15:53:35,315 INFO  - Configuration customer loaded 
2014-06-17 15:53:35,317 INFO  - Configuration person loaded 
2014-06-17 15:53:35,317 INFO  - Configuration test loaded 
2014-06-17 15:53:35,815 INFO  - Connection established customer com.ibm.db2.jcc.DB2Driver jdbc jdbc:db2://nyprod.militarycars.com:446/NYPROD 
2014-06-17 15:53:35,880 INFO  - Connection established person com.ibm.db2.jcc.DB2Driver jdbc jdbc:db2://nyprod.militarycars.com:446/NYPROD 
2014-06-17 15:53:35,880 INFO  - Connection established test null csv null 
2014-06-17 15:53:36,048 INFO  - Results processed for select  CMAST.CMCUST , CMAST.CMFRST , CMAST.CMMI , CMAST.CMLAST ,CMAST.CMNAM@ ,CMAST.CMNMSO, CMAST.CMADR1 ,CMAST.CMADR2 ,CMAST.CMADR3, CMAST.CMCITY, CMAST.CMST, CMAST.CMZIP, CMAST.CMSTEL, CMAST.CMMAD1, CMAST.CMMAD2, CMAST.CMMAD3, CMAST.CMAPO, CMAST.CMMTEL, CMAST.CMNXDS, CMAST.CMNXDT, CMAST.CMBRCH, CMAST.CMRANK, CMAST.CMDOB, CMAST.CMYISC,CMAST.CMMRTL, CMAST.CM#KID, CMAST.CMBPAY, CMAST.CMSEPD, CMAST.CMDERO, CMAST.CMCOMP, OEMAILP.OEMCUS ,OEMAILP.OEMADD FROM QS36F.CMAST CMAST LEFT OUTER JOIN QS36F.OEMAILP OEMAILP on CMAST.CMCUST = OEMAILP.OEMCUS WHERE CMAST.CMCUST = 999999999 
2014-06-17 15:53:36,128 INFO  - json stored for customer in json\customer.json 
2014-06-17 15:53:36,186 INFO  - Results processed for select  CMAST.CMCUST , CMAST.CMFRST , CMAST.CMMI , CMAST.CMLAST ,CMAST.CMNAM@ ,CMAST.CMNMSO, CMAST.CMADR1 ,CMAST.CMADR2 ,CMAST.CMADR3, CMAST.CMCITY, CMAST.CMST, CMAST.CMZIP, CMAST.CMSTEL, CMAST.CMMAD1, CMAST.CMMAD2, CMAST.CMMAD3, CMAST.CMAPO, CMAST.CMMTEL, CMAST.CMNXDS, CMAST.CMNXDT, CMAST.CMBRCH, CMAST.CMRANK, CMAST.CMDOB, CMAST.CMYISC,CMAST.CMMRTL, CMAST.CM#KID, CMAST.CMBPAY, CMAST.CMSEPD, CMAST.CMDERO, CMAST.CMCOMP, OEMAILP.OEMCUS ,OEMAILP.OEMADD FROM QS36F.CMAST CMAST LEFT OUTER JOIN QS36F.OEMAILP OEMAILP on CMAST.CMCUST = OEMAILP.OEMCUS WHERE CMAST.CMCUST = 102445188 
2014-06-17 15:53:36,198 INFO  - json stored for person in json\person.json 
2014-06-17 15:53:36,234 INFO  - json stored for test in json\test.json 
2014-06-17 15:53:59,974 INFO  - Configuration customer loaded 
2014-06-17 15:53:59,975 INFO  - Configuration person loaded 
2014-06-17 15:53:59,975 INFO  - Configuration test loaded 
2014-06-17 15:54:00,522 INFO  - Connection established customer com.ibm.db2.jcc.DB2Driver jdbc jdbc:db2://nyprod.militarycars.com:446/NYPROD 
2014-06-17 15:54:00,599 INFO  - Connection established person com.ibm.db2.jcc.DB2Driver jdbc jdbc:db2://nyprod.militarycars.com:446/NYPROD 
2014-06-17 15:54:00,599 INFO  - Connection established test null csv null 
2014-06-17 15:54:00,780 INFO  - Results processed for select  CMAST.CMCUST , CMAST.CMFRST , CMAST.CMMI , CMAST.CMLAST ,CMAST.CMNAM@ ,CMAST.CMNMSO, CMAST.CMADR1 ,CMAST.CMADR2 ,CMAST.CMADR3, CMAST.CMCITY, CMAST.CMST, CMAST.CMZIP, CMAST.CMSTEL, CMAST.CMMAD1, CMAST.CMMAD2, CMAST.CMMAD3, CMAST.CMAPO, CMAST.CMMTEL, CMAST.CMNXDS, CMAST.CMNXDT, CMAST.CMBRCH, CMAST.CMRANK, CMAST.CMDOB, CMAST.CMYISC,CMAST.CMMRTL, CMAST.CM#KID, CMAST.CMBPAY, CMAST.CMSEPD, CMAST.CMDERO, CMAST.CMCOMP, OEMAILP.OEMCUS ,OEMAILP.OEMADD FROM QS36F.CMAST CMAST LEFT OUTER JOIN QS36F.OEMAILP OEMAILP on CMAST.CMCUST = OEMAILP.OEMCUS WHERE CMAST.CMCUST = 999999999 
2014-06-17 15:54:00,866 INFO  - json stored for customer in json\customer.json 
2014-06-17 15:54:00,935 INFO  - Results processed for select  CMAST.CMCUST , CMAST.CMFRST , CMAST.CMMI , CMAST.CMLAST ,CMAST.CMNAM@ ,CMAST.CMNMSO, CMAST.CMADR1 ,CMAST.CMADR2 ,CMAST.CMADR3, CMAST.CMCITY, CMAST.CMST, CMAST.CMZIP, CMAST.CMSTEL, CMAST.CMMAD1, CMAST.CMMAD2, CMAST.CMMAD3, CMAST.CMAPO, CMAST.CMMTEL, CMAST.CMNXDS, CMAST.CMNXDT, CMAST.CMBRCH, CMAST.CMRANK, CMAST.CMDOB, CMAST.CMYISC,CMAST.CMMRTL, CMAST.CM#KID, CMAST.CMBPAY, CMAST.CMSEPD, CMAST.CMDERO, CMAST.CMCOMP, OEMAILP.OEMCUS ,OEMAILP.OEMADD FROM QS36F.CMAST CMAST LEFT OUTER JOIN QS36F.OEMAILP OEMAILP on CMAST.CMCUST = OEMAILP.OEMCUS WHERE CMAST.CMCUST = 102445188 
2014-06-17 15:54:00,947 INFO  - json stored for person in json\person.json 
2014-06-17 15:54:00,961 INFO  - json stored for test in json\test.json 
2014-06-17 15:54:20,263 INFO  - Configuration customer loaded 
2014-06-17 15:54:20,264 INFO  - Configuration person loaded 
2014-06-17 15:54:20,265 INFO  - Configuration test loaded 
2014-06-17 15:54:20,769 INFO  - Connection established customer com.ibm.db2.jcc.DB2Driver jdbc jdbc:db2://nyprod.militarycars.com:446/NYPROD 
2014-06-17 15:54:20,838 INFO  - Connection established person com.ibm.db2.jcc.DB2Driver jdbc jdbc:db2://nyprod.militarycars.com:446/NYPROD 
2014-06-17 15:54:20,839 INFO  - Connection established test null csv null 
2014-06-17 15:54:21,026 INFO  - Results processed for select  CMAST.CMCUST , CMAST.CMFRST , CMAST.CMMI , CMAST.CMLAST ,CMAST.CMNAM@ ,CMAST.CMNMSO, CMAST.CMADR1 ,CMAST.CMADR2 ,CMAST.CMADR3, CMAST.CMCITY, CMAST.CMST, CMAST.CMZIP, CMAST.CMSTEL, CMAST.CMMAD1, CMAST.CMMAD2, CMAST.CMMAD3, CMAST.CMAPO, CMAST.CMMTEL, CMAST.CMNXDS, CMAST.CMNXDT, CMAST.CMBRCH, CMAST.CMRANK, CMAST.CMDOB, CMAST.CMYISC,CMAST.CMMRTL, CMAST.CM#KID, CMAST.CMBPAY, CMAST.CMSEPD, CMAST.CMDERO, CMAST.CMCOMP, OEMAILP.OEMCUS ,OEMAILP.OEMADD FROM QS36F.CMAST CMAST LEFT OUTER JOIN QS36F.OEMAILP OEMAILP on CMAST.CMCUST = OEMAILP.OEMCUS WHERE CMAST.CMCUST = 999999999 
2014-06-17 15:54:21,106 INFO  - json stored for customer in json\customer.json 
2014-06-17 15:54:21,167 INFO  - Results processed for select  CMAST.CMCUST , CMAST.CMFRST , CMAST.CMMI , CMAST.CMLAST ,CMAST.CMNAM@ ,CMAST.CMNMSO, CMAST.CMADR1 ,CMAST.CMADR2 ,CMAST.CMADR3, CMAST.CMCITY, CMAST.CMST, CMAST.CMZIP, CMAST.CMSTEL, CMAST.CMMAD1, CMAST.CMMAD2, CMAST.CMMAD3, CMAST.CMAPO, CMAST.CMMTEL, CMAST.CMNXDS, CMAST.CMNXDT, CMAST.CMBRCH, CMAST.CMRANK, CMAST.CMDOB, CMAST.CMYISC,CMAST.CMMRTL, CMAST.CM#KID, CMAST.CMBPAY, CMAST.CMSEPD, CMAST.CMDERO, CMAST.CMCOMP, OEMAILP.OEMCUS ,OEMAILP.OEMADD FROM QS36F.CMAST CMAST LEFT OUTER JOIN QS36F.OEMAILP OEMAILP on CMAST.CMCUST = OEMAILP.OEMCUS WHERE CMAST.CMCUST = 102445188 
2014-06-17 15:54:21,179 INFO  - json stored for person in json\person.json 
2014-06-17 15:54:21,300 INFO  - json stored for test in json\test.json 
2014-06-17 15:57:14,845 INFO  - Configuration customer loaded 
2014-06-17 15:57:14,846 INFO  - Configuration person loaded 
2014-06-17 15:57:14,846 INFO  - Configuration test loaded 
2014-06-17 15:57:15,357 INFO  - Connection established customer com.ibm.db2.jcc.DB2Driver jdbc jdbc:db2://nyprod.militarycars.com:446/NYPROD 
2014-06-17 15:57:15,426 INFO  - Connection established person com.ibm.db2.jcc.DB2Driver jdbc jdbc:db2://nyprod.militarycars.com:446/NYPROD 
2014-06-17 15:57:15,426 INFO  - Connection established test null csv null 
2014-06-17 15:57:15,612 INFO  - Results processed for select  CMAST.CMCUST , CMAST.CMFRST , CMAST.CMMI , CMAST.CMLAST ,CMAST.CMNAM@ ,CMAST.CMNMSO, CMAST.CMADR1 ,CMAST.CMADR2 ,CMAST.CMADR3, CMAST.CMCITY, CMAST.CMST, CMAST.CMZIP, CMAST.CMSTEL, CMAST.CMMAD1, CMAST.CMMAD2, CMAST.CMMAD3, CMAST.CMAPO, CMAST.CMMTEL, CMAST.CMNXDS, CMAST.CMNXDT, CMAST.CMBRCH, CMAST.CMRANK, CMAST.CMDOB, CMAST.CMYISC,CMAST.CMMRTL, CMAST.CM#KID, CMAST.CMBPAY, CMAST.CMSEPD, CMAST.CMDERO, CMAST.CMCOMP, OEMAILP.OEMCUS ,OEMAILP.OEMADD FROM QS36F.CMAST CMAST LEFT OUTER JOIN QS36F.OEMAILP OEMAILP on CMAST.CMCUST = OEMAILP.OEMCUS WHERE CMAST.CMCUST = 999999999 
2014-06-17 15:57:15,693 INFO  - json stored for customer in json\customer.json 
2014-06-17 15:57:15,737 INFO  - Results processed for select  CMAST.CMCUST , CMAST.CMFRST , CMAST.CMMI , CMAST.CMLAST ,CMAST.CMNAM@ ,CMAST.CMNMSO, CMAST.CMADR1 ,CMAST.CMADR2 ,CMAST.CMADR3, CMAST.CMCITY, CMAST.CMST, CMAST.CMZIP, CMAST.CMSTEL, CMAST.CMMAD1, CMAST.CMMAD2, CMAST.CMMAD3, CMAST.CMAPO, CMAST.CMMTEL, CMAST.CMNXDS, CMAST.CMNXDT, CMAST.CMBRCH, CMAST.CMRANK, CMAST.CMDOB, CMAST.CMYISC,CMAST.CMMRTL, CMAST.CM#KID, CMAST.CMBPAY, CMAST.CMSEPD, CMAST.CMDERO, CMAST.CMCOMP, OEMAILP.OEMCUS ,OEMAILP.OEMADD FROM QS36F.CMAST CMAST LEFT OUTER JOIN QS36F.OEMAILP OEMAILP on CMAST.CMCUST = OEMAILP.OEMCUS WHERE CMAST.CMCUST = 102445188 
2014-06-17 15:57:15,742 INFO  - json stored for person in json\person.json 
2014-06-17 15:57:15,862 INFO  - json stored for test in json\test.json 
2014-06-17 15:58:53,369 INFO  - Configuration customer loaded 
2014-06-17 15:58:53,370 INFO  - Configuration person loaded 
2014-06-17 15:58:53,370 INFO  - Configuration test loaded 
2014-06-17 15:58:54,009 INFO  - Connection established customer com.ibm.db2.jcc.DB2Driver jdbc jdbc:db2://nyprod.militarycars.com:446/NYPROD 
2014-06-17 15:58:54,083 INFO  - Connection established person com.ibm.db2.jcc.DB2Driver jdbc jdbc:db2://nyprod.militarycars.com:446/NYPROD 
2014-06-17 15:58:54,084 INFO  - Connection established test null csv null 
2014-06-17 15:58:54,303 INFO  - Results processed for select  CMAST.CMCUST , CMAST.CMFRST , CMAST.CMMI , CMAST.CMLAST ,CMAST.CMNAM@ ,CMAST.CMNMSO, CMAST.CMADR1 ,CMAST.CMADR2 ,CMAST.CMADR3, CMAST.CMCITY, CMAST.CMST, CMAST.CMZIP, CMAST.CMSTEL, CMAST.CMMAD1, CMAST.CMMAD2, CMAST.CMMAD3, CMAST.CMAPO, CMAST.CMMTEL, CMAST.CMNXDS, CMAST.CMNXDT, CMAST.CMBRCH, CMAST.CMRANK, CMAST.CMDOB, CMAST.CMYISC,CMAST.CMMRTL, CMAST.CM#KID, CMAST.CMBPAY, CMAST.CMSEPD, CMAST.CMDERO, CMAST.CMCOMP, OEMAILP.OEMCUS ,OEMAILP.OEMADD FROM QS36F.CMAST CMAST LEFT OUTER JOIN QS36F.OEMAILP OEMAILP on CMAST.CMCUST = OEMAILP.OEMCUS WHERE CMAST.CMCUST = 999999999 
2014-06-17 15:58:54,418 INFO  - json stored for customer in json\customer.json 
2014-06-17 15:58:54,480 INFO  - Results processed for select  CMAST.CMCUST , CMAST.CMFRST , CMAST.CMMI , CMAST.CMLAST ,CMAST.CMNAM@ ,CMAST.CMNMSO, CMAST.CMADR1 ,CMAST.CMADR2 ,CMAST.CMADR3, CMAST.CMCITY, CMAST.CMST, CMAST.CMZIP, CMAST.CMSTEL, CMAST.CMMAD1, CMAST.CMMAD2, CMAST.CMMAD3, CMAST.CMAPO, CMAST.CMMTEL, CMAST.CMNXDS, CMAST.CMNXDT, CMAST.CMBRCH, CMAST.CMRANK, CMAST.CMDOB, CMAST.CMYISC,CMAST.CMMRTL, CMAST.CM#KID, CMAST.CMBPAY, CMAST.CMSEPD, CMAST.CMDERO, CMAST.CMCOMP, OEMAILP.OEMCUS ,OEMAILP.OEMADD FROM QS36F.CMAST CMAST LEFT OUTER JOIN QS36F.OEMAILP OEMAILP on CMAST.CMCUST = OEMAILP.OEMCUS WHERE CMAST.CMCUST = 102445188 
2014-06-17 15:58:54,493 INFO  - json stored for person in json\person.json 
2014-06-17 15:58:54,764 INFO  - json stored for test in json\test.json 
2014-06-17 15:59:25,173 INFO  - Configuration customer loaded 
2014-06-17 15:59:25,174 INFO  - Configuration person loaded 
2014-06-17 15:59:25,174 INFO  - Configuration test loaded 
2014-06-17 15:59:25,641 INFO  - Connection established customer com.ibm.db2.jcc.DB2Driver jdbc jdbc:db2://nyprod.militarycars.com:446/NYPROD 
2014-06-17 15:59:25,715 INFO  - Connection established person com.ibm.db2.jcc.DB2Driver jdbc jdbc:db2://nyprod.militarycars.com:446/NYPROD 
2014-06-17 15:59:25,715 INFO  - Connection established test null csv null 
2014-06-17 15:59:25,908 INFO  - Results processed for select  CMAST.CMCUST , CMAST.CMFRST , CMAST.CMMI , CMAST.CMLAST ,CMAST.CMNAM@ ,CMAST.CMNMSO, CMAST.CMADR1 ,CMAST.CMADR2 ,CMAST.CMADR3, CMAST.CMCITY, CMAST.CMST, CMAST.CMZIP, CMAST.CMSTEL, CMAST.CMMAD1, CMAST.CMMAD2, CMAST.CMMAD3, CMAST.CMAPO, CMAST.CMMTEL, CMAST.CMNXDS, CMAST.CMNXDT, CMAST.CMBRCH, CMAST.CMRANK, CMAST.CMDOB, CMAST.CMYISC,CMAST.CMMRTL, CMAST.CM#KID, CMAST.CMBPAY, CMAST.CMSEPD, CMAST.CMDERO, CMAST.CMCOMP, OEMAILP.OEMCUS ,OEMAILP.OEMADD FROM QS36F.CMAST CMAST LEFT OUTER JOIN QS36F.OEMAILP OEMAILP on CMAST.CMCUST = OEMAILP.OEMCUS WHERE CMAST.CMCUST = 999999999 
2014-06-17 15:59:25,987 INFO  - json stored for customer in json\customer.json 
2014-06-17 15:59:26,045 INFO  - Results processed for select  CMAST.CMCUST , CMAST.CMFRST , CMAST.CMMI , CMAST.CMLAST ,CMAST.CMNAM@ ,CMAST.CMNMSO, CMAST.CMADR1 ,CMAST.CMADR2 ,CMAST.CMADR3, CMAST.CMCITY, CMAST.CMST, CMAST.CMZIP, CMAST.CMSTEL, CMAST.CMMAD1, CMAST.CMMAD2, CMAST.CMMAD3, CMAST.CMAPO, CMAST.CMMTEL, CMAST.CMNXDS, CMAST.CMNXDT, CMAST.CMBRCH, CMAST.CMRANK, CMAST.CMDOB, CMAST.CMYISC,CMAST.CMMRTL, CMAST.CM#KID, CMAST.CMBPAY, CMAST.CMSEPD, CMAST.CMDERO, CMAST.CMCOMP, OEMAILP.OEMCUS ,OEMAILP.OEMADD FROM QS36F.CMAST CMAST LEFT OUTER JOIN QS36F.OEMAILP OEMAILP on CMAST.CMCUST = OEMAILP.OEMCUS WHERE CMAST.CMCUST = 102445188 
2014-06-17 15:59:26,052 INFO  - json stored for person in json\person.json 
2014-06-17 15:59:26,311 INFO  - json stored for test in json\test.json 
2014-06-17 16:00:03,065 INFO  - Configuration customer loaded 
2014-06-17 16:00:03,066 INFO  - Configuration person loaded 
2014-06-17 16:00:03,066 INFO  - Configuration test loaded 
2014-06-17 16:00:03,564 INFO  - Connection established customer com.ibm.db2.jcc.DB2Driver jdbc jdbc:db2://nyprod.militarycars.com:446/NYPROD 
2014-06-17 16:00:03,681 INFO  - Connection established person com.ibm.db2.jcc.DB2Driver jdbc jdbc:db2://nyprod.militarycars.com:446/NYPROD 
2014-06-17 16:00:03,681 INFO  - Connection established test null csv null 
2014-06-17 16:00:03,885 INFO  - Results processed for select  CMAST.CMCUST , CMAST.CMFRST , CMAST.CMMI , CMAST.CMLAST ,CMAST.CMNAM@ ,CMAST.CMNMSO, CMAST.CMADR1 ,CMAST.CMADR2 ,CMAST.CMADR3, CMAST.CMCITY, CMAST.CMST, CMAST.CMZIP, CMAST.CMSTEL, CMAST.CMMAD1, CMAST.CMMAD2, CMAST.CMMAD3, CMAST.CMAPO, CMAST.CMMTEL, CMAST.CMNXDS, CMAST.CMNXDT, CMAST.CMBRCH, CMAST.CMRANK, CMAST.CMDOB, CMAST.CMYISC,CMAST.CMMRTL, CMAST.CM#KID, CMAST.CMBPAY, CMAST.CMSEPD, CMAST.CMDERO, CMAST.CMCOMP, OEMAILP.OEMCUS ,OEMAILP.OEMADD FROM QS36F.CMAST CMAST LEFT OUTER JOIN QS36F.OEMAILP OEMAILP on CMAST.CMCUST = OEMAILP.OEMCUS WHERE CMAST.CMCUST = 999999999 
2014-06-17 16:00:03,966 INFO  - json stored for customer in json\customer.json 
2014-06-17 16:00:04,032 INFO  - Results processed for select  CMAST.CMCUST , CMAST.CMFRST , CMAST.CMMI , CMAST.CMLAST ,CMAST.CMNAM@ ,CMAST.CMNMSO, CMAST.CMADR1 ,CMAST.CMADR2 ,CMAST.CMADR3, CMAST.CMCITY, CMAST.CMST, CMAST.CMZIP, CMAST.CMSTEL, CMAST.CMMAD1, CMAST.CMMAD2, CMAST.CMMAD3, CMAST.CMAPO, CMAST.CMMTEL, CMAST.CMNXDS, CMAST.CMNXDT, CMAST.CMBRCH, CMAST.CMRANK, CMAST.CMDOB, CMAST.CMYISC,CMAST.CMMRTL, CMAST.CM#KID, CMAST.CMBPAY, CMAST.CMSEPD, CMAST.CMDERO, CMAST.CMCOMP, OEMAILP.OEMCUS ,OEMAILP.OEMADD FROM QS36F.CMAST CMAST LEFT OUTER JOIN QS36F.OEMAILP OEMAILP on CMAST.CMCUST = OEMAILP.OEMCUS WHERE CMAST.CMCUST = 102445188 
2014-06-17 16:00:04,049 INFO  - json stored for person in json\person.json 
2014-06-17 16:00:04,333 INFO  - json stored for test in json\test.json 
2014-06-17 16:10:25,343 INFO  - Configuration customer loaded 
2014-06-17 16:10:25,344 INFO  - Configuration person loaded 
2014-06-17 16:10:25,344 INFO  - Configuration test loaded 
2014-06-17 16:10:25,765 INFO  - Connection established customer com.ibm.db2.jcc.DB2Driver jdbc jdbc:db2://nyprod.militarycars.com:446/NYPROD 
2014-06-17 16:10:25,805 INFO  - Connection established person com.ibm.db2.jcc.DB2Driver jdbc jdbc:db2://nyprod.militarycars.com:446/NYPROD 
2014-06-17 16:10:25,805 INFO  - Connection established test null csv null 
2014-06-17 16:10:25,944 INFO  - Results processed for select  CMAST.CMCUST , CMAST.CMFRST , CMAST.CMMI , CMAST.CMLAST ,CMAST.CMNAM@ ,CMAST.CMNMSO, CMAST.CMADR1 ,CMAST.CMADR2 ,CMAST.CMADR3, CMAST.CMCITY, CMAST.CMST, CMAST.CMZIP, CMAST.CMSTEL, CMAST.CMMAD1, CMAST.CMMAD2, CMAST.CMMAD3, CMAST.CMAPO, CMAST.CMMTEL, CMAST.CMNXDS, CMAST.CMNXDT, CMAST.CMBRCH, CMAST.CMRANK, CMAST.CMDOB, CMAST.CMYISC,CMAST.CMMRTL, CMAST.CM#KID, CMAST.CMBPAY, CMAST.CMSEPD, CMAST.CMDERO, CMAST.CMCOMP, OEMAILP.OEMCUS ,OEMAILP.OEMADD FROM QS36F.CMAST CMAST LEFT OUTER JOIN QS36F.OEMAILP OEMAILP on CMAST.CMCUST = OEMAILP.OEMCUS WHERE CMAST.CMCUST = 999999999 
2014-06-17 16:10:26,020 INFO  - json stored for customer in json\customer.json 
2014-06-17 16:10:26,063 INFO  - Results processed for select  CMAST.CMCUST , CMAST.CMFRST , CMAST.CMMI , CMAST.CMLAST ,CMAST.CMNAM@ ,CMAST.CMNMSO, CMAST.CMADR1 ,CMAST.CMADR2 ,CMAST.CMADR3, CMAST.CMCITY, CMAST.CMST, CMAST.CMZIP, CMAST.CMSTEL, CMAST.CMMAD1, CMAST.CMMAD2, CMAST.CMMAD3, CMAST.CMAPO, CMAST.CMMTEL, CMAST.CMNXDS, CMAST.CMNXDT, CMAST.CMBRCH, CMAST.CMRANK, CMAST.CMDOB, CMAST.CMYISC,CMAST.CMMRTL, CMAST.CM#KID, CMAST.CMBPAY, CMAST.CMSEPD, CMAST.CMDERO, CMAST.CMCOMP, OEMAILP.OEMCUS ,OEMAILP.OEMADD FROM QS36F.CMAST CMAST LEFT OUTER JOIN QS36F.OEMAILP OEMAILP on CMAST.CMCUST = OEMAILP.OEMCUS WHERE CMAST.CMCUST = 102445188 
2014-06-17 16:10:26,067 INFO  - json stored for person in json\person.json 
2014-06-17 16:10:26,219 INFO  - json stored for test in json\test.json 
